<?xml version="1.0" encoding="UTF-8"?>
<testsuite xmlns:xsi="http://www.w3.org/2001/XMLSchema-instance" xsi:noNamespaceSchemaLocation="https://maven.apache.org/surefire/maven-surefire-plugin/xsd/surefire-test-report.xsd" name="com.pixeltrice.springbootpaytmpayment.SpringBootPaytmPaymentApplicationTests" time="0.207" tests="1" errors="1" skipped="0" failures="0">
  <properties>
[...]
</properties>
  <testcase name="com.pixeltrice.springbootpaytmpayment.SpringBootPaytmPaymentApplicationTests" classname="com.pixeltrice.springbootpaytmpayment.SpringBootPaytmPaymentApplicationTests" time="0.205">
    <error message="Unable to find a @SpringBootConfiguration, you need to use @ContextConfiguration or @SpringBootTest(classes=...) with your test" type="java.lang.IllegalStateException">java.lang.IllegalStateException: Unable to find a @SpringBootConfiguration, you need to use @ContextConfiguration or @SpringBootTest(classes=...) with your test
</error>
    <system-out><![CDATA[10:27:37.357 [main] DEBUG org.springframework.test.context.BootstrapUtils - Instantiating CacheAwareContextLoaderDelegate from class [org.springframework.test.context.cache.DefaultCacheAwareContextLoaderDelegate]
10:27:37.365 [main] DEBUG org.springframework.test.context.BootstrapUtils - Instantiating BootstrapContext using constructor [public org.springframework.test.context.support.DefaultBootstrapContext(java.lang.Class,org.springframework.test.context.CacheAwareContextLoaderDelegate)]
10:27:37.389 [main] DEBUG org.springframework.test.context.BootstrapUtils - Instantiating TestContextBootstrapper for test class [com.pixeltrice.springbootpaytmpayment.SpringBootPaytmPaymentApplicationTests] from class [org.springframework.boot.test.context.SpringBootTestContextBootstrapper]
10:27:37.400 [main] INFO org.springframework.boot.test.context.SpringBootTestContextBootstrapper - Neither @ContextConfiguration nor @ContextHierarchy found for test class [com.pixeltrice.springbootpaytmpayment.SpringBootPaytmPaymentApplicationTests], using SpringBootContextLoader
10:27:37.403 [main] DEBUG org.springframework.test.context.support.AbstractContextLoader - Did not detect default resource location for test class [com.pixeltrice.springbootpaytmpayment.SpringBootPaytmPaymentApplicationTests]: class path resource [com/pixeltrice/springbootpaytmpayment/SpringBootPaytmPaymentApplicationTests-context.xml] does not exist
10:27:37.404 [main] DEBUG org.springframework.test.context.support.AbstractContextLoader - Did not detect default resource location for test class [com.pixeltrice.springbootpaytmpayment.SpringBootPaytmPaymentApplicationTests]: class path resource [com/pixeltrice/springbootpaytmpayment/SpringBootPaytmPaymentApplicationTestsContext.groovy] does not exist
10:27:37.404 [main] INFO org.springframework.test.context.support.AbstractContextLoader - Could not detect default resource locations for test class [com.pixeltrice.springbootpaytmpayment.SpringBootPaytmPaymentApplicationTests]: no resource found for suffixes {-context.xml, Context.groovy}.
10:27:37.404 [main] INFO org.springframework.test.context.support.AnnotationConfigContextLoaderUtils - Could not detect default configuration classes for test class [com.pixeltrice.springbootpaytmpayment.SpringBootPaytmPaymentApplicationTests]: SpringBootPaytmPaymentApplicationTests does not declare any static, non-private, non-final, nested classes annotated with @Configuration.
10:27:37.433 [main] DEBUG org.springframework.test.context.support.ActiveProfilesUtils - Could not find an 'annotation declaring class' for annotation type [org.springframework.test.context.ActiveProfiles] and class [com.pixeltrice.springbootpaytmpayment.SpringBootPaytmPaymentApplicationTests]
10:27:37.473 [main] DEBUG org.springframework.test.context.BootstrapUtils - Instantiating CacheAwareContextLoaderDelegate from class [org.springframework.test.context.cache.DefaultCacheAwareContextLoaderDelegate]
10:27:37.474 [main] DEBUG org.springframework.test.context.BootstrapUtils - Instantiating BootstrapContext using constructor [public org.springframework.test.context.support.DefaultBootstrapContext(java.lang.Class,org.springframework.test.context.CacheAwareContextLoaderDelegate)]
10:27:37.474 [main] DEBUG org.springframework.test.context.BootstrapUtils - Instantiating TestContextBootstrapper for test class [com.pixeltrice.springbootpaytmpayment.SpringBootPaytmPaymentApplicationTests] from class [org.springframework.boot.test.context.SpringBootTestContextBootstrapper]
10:27:37.475 [main] INFO org.springframework.boot.test.context.SpringBootTestContextBootstrapper - Neither @ContextConfiguration nor @ContextHierarchy found for test class [com.pixeltrice.springbootpaytmpayment.SpringBootPaytmPaymentApplicationTests], using SpringBootContextLoader
10:27:37.475 [main] DEBUG org.springframework.test.context.support.AbstractContextLoader - Did not detect default resource location for test class [com.pixeltrice.springbootpaytmpayment.SpringBootPaytmPaymentApplicationTests]: class path resource [com/pixeltrice/springbootpaytmpayment/SpringBootPaytmPaymentApplicationTests-context.xml] does not exist
10:27:37.475 [main] DEBUG org.springframework.test.context.support.AbstractContextLoader - Did not detect default resource location for test class [com.pixeltrice.springbootpaytmpayment.SpringBootPaytmPaymentApplicationTests]: class path resource [com/pixeltrice/springbootpaytmpayment/SpringBootPaytmPaymentApplicationTestsContext.groovy] does not exist
10:27:37.475 [main] INFO org.springframework.test.context.support.AbstractContextLoader - Could not detect default resource locations for test class [com.pixeltrice.springbootpaytmpayment.SpringBootPaytmPaymentApplicationTests]: no resource found for suffixes {-context.xml, Context.groovy}.
10:27:37.475 [main] INFO org.springframework.test.context.support.AnnotationConfigContextLoaderUtils - Could not detect default configuration classes for test class [com.pixeltrice.springbootpaytmpayment.SpringBootPaytmPaymentApplicationTests]: SpringBootPaytmPaymentApplicationTests does not declare any static, non-private, non-final, nested classes annotated with @Configuration.
10:27:37.477 [main] DEBUG org.springframework.test.context.support.ActiveProfilesUtils - Could not find an 'annotation declaring class' for annotation type [org.springframework.test.context.ActiveProfiles] and class [com.pixeltrice.springbootpaytmpayment.SpringBootPaytmPaymentApplicationTests]
10:27:37.490 [main] DEBUG org.springframework.test.context.BootstrapUtils - Instantiating CacheAwareContextLoaderDelegate from class [org.springframework.test.context.cache.DefaultCacheAwareContextLoaderDelegate]
10:27:37.490 [main] DEBUG org.springframework.test.context.BootstrapUtils - Instantiating BootstrapContext using constructor [public org.springframework.test.context.support.DefaultBootstrapContext(java.lang.Class,org.springframework.test.context.CacheAwareContextLoaderDelegate)]
10:27:37.491 [main] DEBUG org.springframework.test.context.BootstrapUtils - Instantiating TestContextBootstrapper for test class [com.pixeltrice.springbootpaytmpayment.SpringBootPaytmPaymentApplicationTests] from class [org.springframework.boot.test.context.SpringBootTestContextBootstrapper]
10:27:37.492 [main] INFO org.springframework.boot.test.context.SpringBootTestContextBootstrapper - Neither @ContextConfiguration nor @ContextHierarchy found for test class [com.pixeltrice.springbootpaytmpayment.SpringBootPaytmPaymentApplicationTests], using SpringBootContextLoader
10:27:37.493 [main] DEBUG org.springframework.test.context.support.AbstractContextLoader - Did not detect default resource location for test class [com.pixeltrice.springbootpaytmpayment.SpringBootPaytmPaymentApplicationTests]: class path resource [com/pixeltrice/springbootpaytmpayment/SpringBootPaytmPaymentApplicationTests-context.xml] does not exist
10:27:37.494 [main] DEBUG org.springframework.test.context.support.AbstractContextLoader - Did not detect default resource location for test class [com.pixeltrice.springbootpaytmpayment.SpringBootPaytmPaymentApplicationTests]: class path resource [com/pixeltrice/springbootpaytmpayment/SpringBootPaytmPaymentApplicationTestsContext.groovy] does not exist
10:27:37.494 [main] INFO org.springframework.test.context.support.AbstractContextLoader - Could not detect default resource locations for test class [com.pixeltrice.springbootpaytmpayment.SpringBootPaytmPaymentApplicationTests]: no resource found for suffixes {-context.xml, Context.groovy}.
10:27:37.494 [main] INFO org.springframework.test.context.support.AnnotationConfigContextLoaderUtils - Could not detect default configuration classes for test class [com.pixeltrice.springbootpaytmpayment.SpringBootPaytmPaymentApplicationTests]: SpringBootPaytmPaymentApplicationTests does not declare any static, non-private, non-final, nested classes annotated with @Configuration.
10:27:37.495 [main] DEBUG org.springframework.test.context.support.ActiveProfilesUtils - Could not find an 'annotation declaring class' for annotation type [org.springframework.test.context.ActiveProfiles] and class [com.pixeltrice.springbootpaytmpayment.SpringBootPaytmPaymentApplicationTests]
]]></system-out>
  </testcase>
</testsuite>